[Sep 04 18:44:45.033] judgedaemon[46]: Judge started on pnp-ubuntu30-0 [DOMjudge/7.3.3]
[Sep 04 18:44:45.037] judgedaemon[46]: Installing signal handlers
[Sep 04 18:44:45.037] judgedaemon[46]: executing chroot script: 'chroot-startstop.sh check'
[Sep 04 18:44:45.039] judgedaemon[46]: Registering judgehost on endpoint default: http://220.67.126.126/api/v4
[Sep 04 18:44:45.041] judgedaemon[46]: API request POST judgehosts
[Sep 04 18:44:45.094] judgedaemon[46]: API request GET config
[Sep 04 18:44:45.117] judgedaemon[46]: API request POST judgehosts/next-judging/pnp-ubuntu30-0
[Sep 04 18:44:45.151] judgedaemon[46]: No submissions in queue (for endpoint default), waiting...
[Sep 04 19:36:09.504] judgedaemon[46]: Judging submission s7 (endpoint default) (t3/p2/py3), id j10...
[Sep 04 19:36:09.504] judgedaemon[46]: API request GET config
[Sep 04 19:36:09.522] judgedaemon[46]: Working directory: /opt/domjudge/judgehost/judgings/pnp-ubuntu30-0/endpoint-default/2/7/10
[Sep 04 19:36:09.527] judgedaemon[46]: API request GET contests/2/submissions/7/source-code
[Sep 04 19:36:09.549] judgedaemon[46]: Fetching new executable 'py3'
[Sep 04 19:36:09.558] judgedaemon[46]: API request GET executables/py3
[Sep 04 19:36:09.581] judgedaemon[46]: Unzipping
[Sep 04 19:36:09.592] judgedaemon[46]: Compiling
[Sep 04 19:36:09.599] compile.sh[70]: starting '/opt/domjudge/judgehost/lib/judge/compile.sh', PID = 70
[Sep 04 19:36:09.601] compile.sh[70]: arguments: '/opt/domjudge/judgehost/judgings/pnp-ubuntu30-0/endpoint-default/executable/py3/run' '/opt/domjudge/judgehost/judgings/pnp-ubuntu30-0/endpoint-default/2/7/10'
[Sep 04 19:36:09.603] compile.sh[70]: source file(s): a.py
[Sep 04 19:36:09.607] compile.sh[70]: starting compile
[Sep 04 19:36:09.690] compile.sh[70]: checking compilation exit-status
[Sep 04 19:36:09.694] compile.sh[70]: Compilation successful
[Sep 04 19:36:09.696] compile.sh[70]: exiting, code = '0'
[Sep 04 19:36:09.697] judgedaemon[46]: API request PUT judgehosts/update-judging/pnp-ubuntu30-0/10
[Sep 04 19:36:09.745] judgedaemon[46]: executing chroot script: 'chroot-startstop.sh start'
[Sep 04 19:36:09.802] judgedaemon[46]: Running testcase 1...
[Sep 04 19:36:09.802] judgedaemon[46]: API request GET testcases/2/file/input
[Sep 04 19:36:09.962] judgedaemon[46]: API request GET testcases/2/file/output
[Sep 04 19:36:10.077] judgedaemon[46]: Fetched new input,output testcase 1 for problem p2
[Sep 04 19:36:10.088] judgedaemon[46]: Fetching new executable 'run'
[Sep 04 19:36:10.094] judgedaemon[46]: API request GET executables/run
[Sep 04 19:36:10.139] judgedaemon[46]: Unzipping
[Sep 04 19:36:10.150] judgedaemon[46]: Compiling
[Sep 04 19:36:10.153] judgedaemon[46]: Fetching new executable 'compare'
[Sep 04 19:36:10.159] judgedaemon[46]: API request GET executables/compare
[Sep 04 19:36:10.181] judgedaemon[46]: Unzipping
[Sep 04 19:36:10.192] judgedaemon[46]: Compiling
[Sep 04 19:36:10.460] testcase_run.sh[190]: starting '/opt/domjudge/judgehost/lib/judge/testcase_run.sh', PID = 190
[Sep 04 19:36:10.462] testcase_run.sh[190]: arguments: '/opt/domjudge/judgehost/judgings/pnp-ubuntu30-0/endpoint-default/testcase/testcase.2.1.9b05c566cf4d373cd23ffe75787c1f6d.in' '/opt/domjudge/judgehost/judgings/pnp-ubuntu30-0/endpoint-default/testcase/testcase.2.1.0b93bf53346750cc7e04c02f31443721.out' '5:6' '/opt/domjudge/judgehost/judgings/pnp-ubuntu30-0/endpoint-default/2/7/10/testcase001'
[Sep 04 19:36:10.463] testcase_run.sh[190]: optionals: '/opt/domjudge/judgehost/judgings/pnp-ubuntu30-0/endpoint-default/executable/run/run' '/opt/domjudge/judgehost/judgings/pnp-ubuntu30-0/endpoint-default/executable/compare/run' 'float_tolerance 1E-6'
[Sep 04 19:36:10.467] testcase_run.sh[190]: setting up testing (chroot) environment
[Sep 04 19:36:10.472] testcase_run.sh[190]: creating /dev/null character-special device
[Sep 04 19:36:10.476] testcase_run.sh[190]: running program
[Sep 04 19:36:10.478] testcase_run.sh[190]: runcheck: /opt/domjudge/judgehost/judgings/pnp-ubuntu30-0/endpoint-default/executable/run/run testdata.in program.out sudo -n /opt/domjudge/judgehost/bin/runguard -P 0 -r /opt/domjudge/judgehost/judgings/pnp-ubuntu30-0/endpoint-default/2/7/10/testcase001/.. --nproc=64 --no-core --streamsize=8192 --user=domjudge-run-0 --group=domjudge-run --walltime=5:6 --cputime=5:6 --memsize=2097152 --filesize=8192 --stderr=program.err --outmeta=program.meta -- /testcase001/execdir/program
[Sep 04 19:36:10.557] testcase_run.sh[190]: comparing output
[Sep 04 19:36:10.561] testcase_run.sh[190]: starting compare script '/opt/domjudge/judgehost/judgings/pnp-ubuntu30-0/endpoint-default/executable/compare/run'
[Sep 04 19:36:10.566] testcase_run.sh[190]: runcheck: sudo -n /opt/domjudge/judgehost/bin/runguard -P 0 -u domjudge-run-0 -g domjudge-run -m 2097152 -t 30 -c -f 2621440 -s 2621440 -M compare.meta -- /opt/domjudge/judgehost/judgings/pnp-ubuntu30-0/endpoint-default/executable/compare/run testdata.in testdata.out feedback/ float_tolerance 1E-6
[Sep 04 19:36:10.599] testcase_run.sh[190]: checking compare script exit-status: 43
[Sep 04 19:36:10.602] testcase_run.sh[190]: checking program run exit-status
[Sep 04 19:36:10.621] testcase_run.sh[190]: exiting with status '105'
[Sep 04 19:36:10.623] judgedaemon[46]: API request POST judgehosts/add-judging-run/pnp-ubuntu30-0/10
[Sep 04 19:36:10.786] judgedaemon[46]: Testcase 1 done, result: wrong-answer
[Sep 04 19:36:10.787] judgedaemon[46]: API request GET testcases/next-to-judge/10
[Sep 04 19:36:10.806] judgedaemon[46]: executing chroot script: 'chroot-startstop.sh stop'
[Sep 04 19:36:10.836] judgedaemon[46]: Judging s7/j10 finished
[Sep 04 19:36:10.836] judgedaemon[46]: API request POST judgehosts/next-judging/pnp-ubuntu30-0
[Sep 04 19:36:10.864] judgedaemon[46]: No submissions in queue (for endpoint default), waiting...
[Sep 04 19:39:13.777] judgedaemon[46]: Judging submission s9 (endpoint default) (t3/p1/py3), id j12...
[Sep 04 19:39:13.778] judgedaemon[46]: API request GET config
[Sep 04 19:39:13.795] judgedaemon[46]: Working directory: /opt/domjudge/judgehost/judgings/pnp-ubuntu30-0/endpoint-default/2/9/12
[Sep 04 19:39:13.802] judgedaemon[46]: API request GET contests/2/submissions/9/source-code
[Sep 04 19:39:13.830] compile.sh[336]: starting '/opt/domjudge/judgehost/lib/judge/compile.sh', PID = 336
[Sep 04 19:39:13.833] compile.sh[336]: arguments: '/opt/domjudge/judgehost/judgings/pnp-ubuntu30-0/endpoint-default/executable/py3/run' '/opt/domjudge/judgehost/judgings/pnp-ubuntu30-0/endpoint-default/2/9/12'
[Sep 04 19:39:13.837] compile.sh[336]: source file(s): a.py
[Sep 04 19:39:13.840] compile.sh[336]: starting compile
[Sep 04 19:39:13.938] compile.sh[336]: checking compilation exit-status
[Sep 04 19:39:13.941] compile.sh[336]: Compilation successful
[Sep 04 19:39:13.944] compile.sh[336]: exiting, code = '0'
[Sep 04 19:39:13.946] judgedaemon[46]: API request PUT judgehosts/update-judging/pnp-ubuntu30-0/12
[Sep 04 19:39:14.012] judgedaemon[46]: executing chroot script: 'chroot-startstop.sh start'
[Sep 04 19:39:14.070] judgedaemon[46]: Running testcase 1...
[Sep 04 19:39:14.070] judgedaemon[46]: API request GET testcases/1/file/input
[Sep 04 19:39:14.105] judgedaemon[46]: API request GET testcases/1/file/output
[Sep 04 19:39:14.129] judgedaemon[46]: Fetched new input,output testcase 1 for problem p1
[Sep 04 19:39:14.143] testcase_run.sh[429]: starting '/opt/domjudge/judgehost/lib/judge/testcase_run.sh', PID = 429
[Sep 04 19:39:14.146] testcase_run.sh[429]: arguments: '/opt/domjudge/judgehost/judgings/pnp-ubuntu30-0/endpoint-default/testcase/testcase.1.1.b026324c6904b2a9cb4b88d6d61c81d1.in' '/opt/domjudge/judgehost/judgings/pnp-ubuntu30-0/endpoint-default/testcase/testcase.1.1.59ca0efa9f5633cb0371bbc0355478d8.out' '5:6' '/opt/domjudge/judgehost/judgings/pnp-ubuntu30-0/endpoint-default/2/9/12/testcase001'
[Sep 04 19:39:14.148] testcase_run.sh[429]: optionals: '/opt/domjudge/judgehost/judgings/pnp-ubuntu30-0/endpoint-default/executable/run/run' '/opt/domjudge/judgehost/judgings/pnp-ubuntu30-0/endpoint-default/executable/compare/run' ''
[Sep 04 19:39:14.155] testcase_run.sh[429]: setting up testing (chroot) environment
[Sep 04 19:39:14.161] testcase_run.sh[429]: creating /dev/null character-special device
[Sep 04 19:39:14.167] testcase_run.sh[429]: running program
[Sep 04 19:39:14.169] testcase_run.sh[429]: runcheck: /opt/domjudge/judgehost/judgings/pnp-ubuntu30-0/endpoint-default/executable/run/run testdata.in program.out sudo -n /opt/domjudge/judgehost/bin/runguard -P 0 -r /opt/domjudge/judgehost/judgings/pnp-ubuntu30-0/endpoint-default/2/9/12/testcase001/.. --nproc=64 --no-core --streamsize=8192 --user=domjudge-run-0 --group=domjudge-run --walltime=5:6 --cputime=5:6 --memsize=2097152 --filesize=8192 --stderr=program.err --outmeta=program.meta -- /testcase001/execdir/program
[Sep 04 19:39:14.242] testcase_run.sh[429]: comparing output
[Sep 04 19:39:14.247] testcase_run.sh[429]: starting compare script '/opt/domjudge/judgehost/judgings/pnp-ubuntu30-0/endpoint-default/executable/compare/run'
[Sep 04 19:39:14.252] testcase_run.sh[429]: runcheck: sudo -n /opt/domjudge/judgehost/bin/runguard -P 0 -u domjudge-run-0 -g domjudge-run -m 2097152 -t 30 -c -f 2621440 -s 2621440 -M compare.meta -- /opt/domjudge/judgehost/judgings/pnp-ubuntu30-0/endpoint-default/executable/compare/run testdata.in testdata.out feedback/
[Sep 04 19:39:14.290] testcase_run.sh[429]: checking compare script exit-status: 42
[Sep 04 19:39:14.292] testcase_run.sh[429]: checking program run exit-status
[Sep 04 19:39:14.311] testcase_run.sh[429]: exiting with status '0'
[Sep 04 19:39:14.313] judgedaemon[46]: Testcase 1 done, result: correct
[Sep 04 19:39:14.313] judgedaemon[46]: API request POST judgehosts/add-judging-run/pnp-ubuntu30-0/12
[Sep 04 19:39:14.602] judgedaemon[46]: executing chroot script: 'chroot-startstop.sh stop'
[Sep 04 19:39:14.633] judgedaemon[46]: Judging s9/j12 finished
[Sep 04 19:39:14.633] judgedaemon[46]: API request POST judgehosts/next-judging/pnp-ubuntu30-0
[Sep 04 19:39:14.704] judgedaemon[46]: No submissions in queue (for endpoint default), waiting...
[Sep 04 19:43:11.088] judgedaemon[46]: Signal 1 received
[Sep 04 19:43:11.088] judgedaemon[46]: Received signal, exiting.
[Sep 04 19:44:37.894] judgedaemon[36]: Judge started on pnp-ubuntu30-0 [DOMjudge/7.3.3]
[Sep 04 19:44:37.897] judgedaemon[36]: Installing signal handlers
[Sep 04 19:44:37.897] judgedaemon[36]: executing chroot script: 'chroot-startstop.sh check'
[Sep 04 19:44:37.899] judgedaemon[36]: Registering judgehost on endpoint default: http://220.67.126.126/api/v4
[Sep 04 19:44:37.901] judgedaemon[36]: API request POST judgehosts
[Sep 04 19:44:37.945] judgedaemon[36]: API request GET config
[Sep 04 19:44:37.969] judgedaemon[36]: API request POST judgehosts/next-judging/pnp-ubuntu30-0
[Sep 04 19:44:37.995] judgedaemon[36]: No submissions in queue (for endpoint default), waiting...
